# JRE version: Java(TM) SE Runtime Environment (8.0_281-b09) (build 1.8.0_281-b09)
# Java VM: Java HotSpot(TM) Client VM (25.281-b09 mixed mode, sharing windows-x86 )
Heap:
 def new generation   total 9088K, used 4348K [0x04600000, 0x04fd0000, 0x09b50000)
  eden space 8128K,  43% used [0x04600000, 0x0497dfc8, 0x04df0000)
  from space 960K,  80% used [0x04df0000, 0x04eb10c0, 0x04ee0000)
  to   space 960K,   0% used [0x04ee0000, 0x04ee0000, 0x04fd0000)
 tenured generation   total 20008K, used 10493K [0x09b50000, 0x0aeda000, 0x14600000)
   the space 20008K,  52% used [0x09b50000, 0x0a58f548, 0x0a58f600, 0x0aeda000)
 Metaspace       used 19545K, capacity 20710K, committed 20736K, reserved 22912K
GC Heap History (10 events):
Event: 5.549 GC heap after
Heap after GC invocations=60 (full 3):
 def new generation   total 9088K, used 0K [0x04600000, 0x04fd0000, 0x09b50000)
  eden space 8128K,   0% used [0x04600000, 0x04600000, 0x04df0000)
  from space 960K,   0% used [0x04df0000, 0x04df0000, 0x04ee0000)
  to   space 960K,   0% used [0x04ee0000, 0x04ee0000, 0x04fd0000)
 tenured generation   total 20008K, used 9416K [0x09b50000, 0x0aeda000, 0x14600000)
   the space 20008K,  47% used [0x09b50000, 0x0a482040, 0x0a482200, 0x0aeda000)
 Metaspace       used 18391K, capacity 19453K, committed 19584K, reserved 19840K
}
Event: 5.683 GC heap before
{Heap before GC invocations=60 (full 3):
 def new generation   total 9088K, used 8128K [0x04600000, 0x04fd0000, 0x09b50000)
  eden space 8128K, 100% used [0x04600000, 0x04df0000, 0x04df0000)
  from space 960K,   0% used [0x04df0000, 0x04df0000, 0x04ee0000)
  to   space 960K,   0% used [0x04ee0000, 0x04ee0000, 0x04fd0000)
 tenured generation   total 20008K, used 9416K [0x09b50000, 0x0aeda000, 0x14600000)
   the space 20008K,  47% used [0x09b50000, 0x0a482040, 0x0a482200, 0x0aeda000)
 Metaspace       used 18618K, capacity 19726K, committed 19840K, reserved 19840K
Event: 5.689 GC heap after
Heap after GC invocations=61 (full 3):
 def new generation   total 9088K, used 921K [0x04600000, 0x04fd0000, 0x09b50000)
  eden space 8128K,   0% used [0x04600000, 0x04600000, 0x04df0000)
  from space 960K,  95% used [0x04ee0000, 0x04fc64f8, 0x04fd0000)
  to   space 960K,   0% used [0x04df0000, 0x04df0000, 0x04ee0000)
 tenured generation   total 20008K, used 9416K [0x09b50000, 0x0aeda000, 0x14600000)
   the space 20008K,  47% used [0x09b50000, 0x0a482040, 0x0a482200, 0x0aeda000)
 Metaspace       used 18618K, capacity 19726K, committed 19840K, reserved 19840K
}
Event: 6.364 GC heap before
{Heap before GC invocations=61 (full 3):
 def new generation   total 9088K, used 9049K [0x04600000, 0x04fd0000, 0x09b50000)
  eden space 8128K, 100% used [0x04600000, 0x04df0000, 0x04df0000)
  from space 960K,  95% used [0x04ee0000, 0x04fc64f8, 0x04fd0000)
  to   space 960K,   0% used [0x04df0000, 0x04df0000, 0x04ee0000)
 tenured generation   total 20008K, used 9416K [0x09b50000, 0x0aeda000, 0x14600000)
   the space 20008K,  47% used [0x09b50000, 0x0a482040, 0x0a482200, 0x0aeda000)
 Metaspace       used 18626K, capacity 19726K, committed 19840K, reserved 19840K
Event: 6.368 GC heap after
Heap after GC invocations=62 (full 3):
 def new generation   total 9088K, used 431K [0x04600000, 0x04fd0000, 0x09b50000)
  eden space 8128K,   0% used [0x04600000, 0x04600000, 0x04df0000)
  from space 960K,  44% used [0x04df0000, 0x04e5bf58, 0x04ee0000)
  to   space 960K,   0% used [0x04ee0000, 0x04ee0000, 0x04fd0000)
 tenured generation   total 20008K, used 10078K [0x09b50000, 0x0aeda000, 0x14600000)
   the space 20008K,  50% used [0x09b50000, 0x0a5278b0, 0x0a527a00, 0x0aeda000)
 Metaspace       used 18626K, capacity 19726K, committed 19840K, reserved 19840K
}
Event: 6.475 GC heap before
{Heap before GC invocations=62 (full 3):
 def new generation   total 9088K, used 8559K [0x04600000, 0x04fd0000, 0x09b50000)
  eden space 8128K, 100% used [0x04600000, 0x04df0000, 0x04df0000)
  from space 960K,  44% used [0x04df0000, 0x04e5bf58, 0x04ee0000)
  to   space 960K,   0% used [0x04ee0000, 0x04ee0000, 0x04fd0000)
 tenured generation   total 20008K, used 10078K [0x09b50000, 0x0aeda000, 0x14600000)
   the space 20008K,  50% used [0x09b50000, 0x0a5278b0, 0x0a527a00, 0x0aeda000)
 Metaspace       used 18822K, capacity 20006K, committed 20096K, reserved 20864K
Event: 6.481 GC heap after
Heap after GC invocations=63 (full 3):
 def new generation   total 9088K, used 780K [0x04600000, 0x04fd0000, 0x09b50000)
  eden space 8128K,   0% used [0x04600000, 0x04600000, 0x04df0000)
  from space 960K,  81% used [0x04ee0000, 0x04fa3160, 0x04fd0000)
  to   space 960K,   0% used [0x04df0000, 0x04df0000, 0x04ee0000)
 tenured generation   total 20008K, used 10078K [0x09b50000, 0x0aeda000, 0x14600000)
   the space 20008K,  50% used [0x09b50000, 0x0a5278b0, 0x0a527a00, 0x0aeda000)
 Metaspace       used 18822K, capacity 20006K, committed 20096K, reserved 20864K
}
Event: 6.617 GC heap before
{Heap before GC invocations=63 (full 3):
 def new generation   total 9088K, used 8908K [0x04600000, 0x04fd0000, 0x09b50000)
  eden space 8128K, 100% used [0x04600000, 0x04df0000, 0x04df0000)
  from space 960K,  81% used [0x04ee0000, 0x04fa3160, 0x04fd0000)
  to   space 960K,   0% used [0x04df0000, 0x04df0000, 0x04ee0000)
 tenured generation   total 20008K, used 10078K [0x09b50000, 0x0aeda000, 0x14600000)
   the space 20008K,  50% used [0x09b50000, 0x0a5278b0, 0x0a527a00, 0x0aeda000)
 Metaspace       used 19462K, capacity 20646K, committed 20736K, reserved 20864K
Event: 6.621 GC heap after
Heap after GC invocations=64 (full 3):
 def new generation   total 9088K, used 772K [0x04600000, 0x04fd0000, 0x09b50000)
  eden space 8128K,   0% used [0x04600000, 0x04600000, 0x04df0000)
  from space 960K,  80% used [0x04df0000, 0x04eb10c0, 0x04ee0000)
  to   space 960K,   0% used [0x04ee0000, 0x04ee0000, 0x04fd0000)
 tenured generation   total 20008K, used 10493K [0x09b50000, 0x0aeda000, 0x14600000)
   the space 20008K,  52% used [0x09b50000, 0x0a58f548, 0x0a58f600, 0x0aeda000)
 Metaspace       used 19462K, capacity 20646K, committed 20736K, reserved 20864K
}
Event: 6.652 GC heap before
{Heap before GC invocations=64 (full 3):
 def new generation   total 9088K, used 4348K [0x04600000, 0x04fd0000, 0x09b50000)
  eden space 8128K,  43% used [0x04600000, 0x0497dfc8, 0x04df0000)
  from space 960K,  80% used [0x04df0000, 0x04eb10c0, 0x04ee0000)
  to   space 960K,   0% used [0x04ee0000, 0x04ee0000, 0x04fd0000)
 tenured generation   total 20008K, used 10493K [0x09b50000, 0x0aeda000, 0x14600000)
   the space 20008K,  52% used [0x09b50000, 0x0a58f548, 0x0a58f600, 0x0aeda000)
 Metaspace       used 19545K, capacity 20710K, committed 20736K, reserved 22912K

